Downloading Mod 1501538330 [ 17BCT Shit ]
-----------------------------------
Steam Console Client (c) Valve Corporation
-- type 'quit' to exit --
Loading Steam API...OK.
Logging in user '100dollarrandy' to Steam Public ...
FAILED login with invalid cached credentials

password: FAILED login with result code Invalid Password
Redirecting stderr to 'C:\Program Files (x86)\steamcmd\logs\stderr.txt'
Looks like steam didn't shutdown cleanly, scheduling immediate update check
[  0%] Checking for available updates...
[----] Verifying installation...
-----------------------------------
Downloading Mod 1670017422 [ 2 Inch Mortar ]
-----------------------------------
-----------------------------------
Downloading Mod 463939057 [ ACE 3 ]
-----------------------------------
Steam Console Client (c) Valve Corporation
-- type 'quit' to exit --
Loading Steam API...OK.
Logging in user '100dollarrandy' to Steam Public ...
\src\tier0\threadtools.cpp (3225) : Assertion Failed: Illegal termination of worker thread 'CIPCServer::m_ThreadClient'

password: \src\common\steamservice.cpp (58) : Assertion Failed: m_hServiceLib == NULL
-----------------------------------
Downloading Mod 1501538330 [ 17BCT Shit ]
-----------------------------------
Steam Console Client (c) Valve Corporation
-- type 'quit' to exit --
Loading Steam API...OK.
Logging in user '100dollarrandy' to Steam Public ...
Logged in OK
Waiting for user info...OK
Downloading item 1501538330 ...
Success. Downloaded item 1501538330 to "C:\Program Files (x86)\steamcmd\steamapps\workshop\content\107410\1501538330" (60839129 bytes) Redirecting stderr to 'C:\Program Files (x86)\steamcmd\logs\stderr.txt'
[  0%] Checking for available updates...
[----] Verifying installation...
-----------------------------------
Downloading Mod 1670017422 [ 2 Inch Mortar ]
-----------------------------------
Steam Console Client (c) Valve Corporation
-- type 'quit' to exit --
Loading Steam API...OK.
Logging in user '100dollarrandy' to Steam Public ...
Logged in OK
Waiting for user info...OK
Downloading item 1670017422 ...
Success. Downloaded item 1670017422 to "C:\Program Files (x86)\steamcmd\steamapps\workshop\content\107410\1670017422" (33617072 bytes) Redirecting stderr to 'C:\Program Files (x86)\steamcmd\logs\stderr.txt'
[  0%] Checking for available updates...
[----] Verifying installation...
-----------------------------------
Downloading Mod 463939057 [ ACE 3 ]
-----------------------------------
Steam Console Client (c) Valve Corporation
-- type 'quit' to exit --
Loading Steam API...OK.
Logging in user '100dollarrandy' to Steam Public ...
Logged in OK
Waiting for user info...OK
Downloading item 463939057 ...
Success. Downloaded item 463939057 to "C:\Program Files (x86)\steamcmd\steamapps\workshop\content\107410\463939057" (152751659 bytes) Redirecting stderr to 'C:\Program Files (x86)\steamcmd\logs\stderr.txt'
[  0%] Checking for available updates...
[----] Verifying installation...
CWorkThreadPool::~CWorkThreadPool: work processing queue not empty: 4 items discarded.
-----------------------------------
Downloading Mod 773131200 [ ACE AFRF Compat ]
-----------------------------------
Steam Console Client (c) Valve Corporation
-- type 'quit' to exit --
Loading Steam API...OK.
Logging in user '100dollarrandy' to Steam Public ...
Logged in OK
Waiting for user info...OK
Downloading item 773131200 ...
Success. Downloaded item 773131200 to "C:\Program Files (x86)\steamcmd\steamapps\workshop\content\107410\773131200" (42722 bytes) Redirecting stderr to 'C:\Program Files (x86)\steamcmd\logs\stderr.txt'
[  0%] Checking for available updates...
[----] Verifying installation...
-----------------------------------
Downloading Mod 884966711 [ ACE GREF Compat ]
-----------------------------------
Steam Console Client (c) Valve Corporation
-- type 'quit' to exit --
Loading Steam API...OK.
Logging in user '100dollarrandy' to Steam Public ...
Logged in OK
Waiting for user info...OK
Downloading item 884966711 ...
Success. Downloaded item 884966711 to "C:\Program Files (x86)\steamcmd\steamapps\workshop\content\107410\884966711" (8885 bytes) Redirecting stderr to 'C:\Program Files (x86)\steamcmd\logs\stderr.txt'
[  0%] Checking for available updates...
[----] Verifying installation...
-----------------------------------
Downloading Mod 773125288 [ ACE USAF Compat ]
-----------------------------------
Steam Console Client (c) Valve Corporation
-- type 'quit' to exit --
Loading Steam API...OK.
Logging in user '100dollarrandy' to Steam Public ...
Logged in OK
Waiting for user info...OK
Downloading item 773125288 ...
Success. Downloaded item 773125288 to "C:\Program Files (x86)\steamcmd\steamapps\workshop\content\107410\773125288" (82773 bytes) Redirecting stderr to 'C:\Program Files (x86)\steamcmd\logs\stderr.txt'
[  0%] Checking for available updates...
[----] Verifying installation...
-----------------------------------
Downloading Mod 708250744 [ ACE X ]
-----------------------------------
Steam Console Client (c) Valve Corporation
-- type 'quit' to exit --
Loading Steam API...OK.
Logging in user '100dollarrandy' to Steam Public ...
Logged in OK
Waiting for user info...OK
Downloading item 708250744 ...
Success. Downloaded item 708250744 to "C:\Program Files (x86)\steamcmd\steamapps\workshop\content\107410\708250744" (3997113 bytes) Redirecting stderr to 'C:\Program Files (x86)\steamcmd\logs\stderr.txt'
[  0%] Checking for available updates...
[----] Verifying installation...
-----------------------------------
Downloading Mod 723217262 [ Achilles ]
-----------------------------------
Steam Console Client (c) Valve Corporation
-- type 'quit' to exit --
Loading Steam API...OK.
Logging in user '100dollarrandy' to Steam Public ...
Logged in OK
Waiting for user info...OK
Downloading item 723217262 ...
Success. Downloaded item 723217262 to "C:\Program Files (x86)\steamcmd\steamapps\workshop\content\107410\723217262" (2548644 bytes) Redirecting stderr to 'C:\Program Files (x86)\steamcmd\logs\stderr.txt'
[  0%] Checking for available updates...
[----] Verifying installation...
-----------------------------------
Downloading Mod 730310357 [ Advanced Urban Rapelling ]
-----------------------------------
Steam Console Client (c) Valve Corporation
-- type 'quit' to exit --
Loading Steam API...OK.
Logging in user '100dollarrandy' to Steam Public ...
Logged in OK
Waiting for user info...OK
Downloading item 730310357 ...
Success. Downloaded item 730310357 to "C:\Program Files (x86)\steamcmd\steamapps\workshop\content\107410\730310357" (1139403 bytes) Redirecting stderr to 'C:\Program Files (x86)\steamcmd\logs\stderr.txt'
[  0%] Checking for available updates...
[----] Verifying installation...
-----------------------------------
Downloading Mod 648172507 [ Al Rayak ]
-----------------------------------
Steam Console Client (c) Valve Corporation
-- type 'quit' to exit --
Loading Steam API...OK.
Logging in user '100dollarrandy' to Steam Public ...
Logged in OK
Waiting for user info...OK
Downloading item 648172507 ...
Success. Downloaded item 648172507 to "C:\Program Files (x86)\steamcmd\steamapps\workshop\content\107410\648172507" (397922929 bytes) Redirecting stderr to 'C:\Program Files (x86)\steamcmd\logs\stderr.txt'
[  0%] Checking for available updates...
[----] Verifying installation...
-----------------------------------
Downloading Mod 620260972 [ ALiVE ]
-----------------------------------
Steam Console Client (c) Valve Corporation
-- type 'quit' to exit --
Loading Steam API...OK.
Logging in user '100dollarrandy' to Steam Public ...
Logged in OK
Waiting for user info...OK
Downloading item 620260972 ...
Success. Downloaded item 620260972 to "C:\Program Files (x86)\steamcmd\steamapps\workshop\content\107410\620260972" (349254219 bytes) Redirecting stderr to 'C:\Program Files (x86)\steamcmd\logs\stderr.txt'
[  0%] Checking for available updates...
[----] Verifying installation...
-----------------------------------
Downloading Mod 820924072 [ Backpack on Chest ]
-----------------------------------
Steam Console Client (c) Valve Corporation
-- type 'quit' to exit --
Loading Steam API...OK.
Logging in user '100dollarrandy' to Steam Public ...
Logged in OK
Waiting for user info...OK
Downloading item 820924072 ...
Success. Downloaded item 820924072 to "C:\Program Files (x86)\steamcmd\steamapps\workshop\content\107410\820924072" (122969 bytes) Redirecting stderr to 'C:\Program Files (x86)\steamcmd\logs\stderr.txt'
[  0%] Checking for available updates...
[----] Verifying installation...
-----------------------------------
Downloading Mod 1314910827 [ Breaching Charge ]
-----------------------------------
Steam Console Client (c) Valve Corporation
-- type 'quit' to exit --
Loading Steam API...OK.
Logging in user '100dollarrandy' to Steam Public ...
Logged in OK
Waiting for user info...OK
Downloading item 1314910827 ...
Success. Downloaded item 1314910827 to "C:\Program Files (x86)\steamcmd\steamapps\workshop\content\107410\1314910827" (53298 bytes) Redirecting stderr to 'C:\Program Files (x86)\steamcmd\logs\stderr.txt'
[  0%] Checking for available updates...
[----] Verifying installation...
-----------------------------------
Downloading Mod 450814997 [ CBA ]
-----------------------------------
Steam Console Client (c) Valve Corporation
-- type 'quit' to exit --
Loading Steam API...OK.
Logging in user '100dollarrandy' to Steam Public ...
Logged in OK
Waiting for user info...OK
Downloading item 450814997 ...
Success. Downloaded item 450814997 to "C:\Program Files (x86)\steamcmd\steamapps\workshop\content\107410\450814997" (2669725 bytes) Redirecting stderr to 'C:\Program Files (x86)\steamcmd\logs\stderr.txt'
[  0%] Checking for available updates...
[----] Verifying installation...
-----------------------------------
Downloading Mod 583496184 [ CUP Terrains Core ]
-----------------------------------
Steam Console Client (c) Valve Corporation
-- type 'quit' to exit --
Loading Steam API...OK.
Logging in user '100dollarrandy' to Steam Public ...
Logged in OK
Waiting for user info...OK
Downloading item 583496184 ...
Success. Downloaded item 583496184 to "C:\Program Files (x86)\steamcmd\steamapps\workshop\content\107410\583496184" (9205094391 bytes) Redirecting stderr to 'C:\Program Files (x86)\steamcmd\logs\stderr.txt'
[  0%] Checking for available updates...
[----] Verifying installation...
-----------------------------------
Downloading Mod 583544987 [ CUP Terrains Maps ]
-----------------------------------
Steam Console Client (c) Valve Corporation
-- type 'quit' to exit --
Loading Steam API...OK.
Logging in user '100dollarrandy' to Steam Public ...
Logged in OK
Waiting for user info...OK
Downloading item 583544987 ...
ERROR! Download item 583544987 failed (Timeout).Redirecting stderr to 'C:\Program Files (x86)\steamcmd\logs\stderr.txt'
[  0%] Checking for available updates...
[----] Verifying installation...
-----------------------------------
Downloading Mod 1841553455  [ Dismount on Look ]
-----------------------------------
Steam Console Client (c) Valve Corporation
-- type 'quit' to exit --
Loading Steam API...OK.
Logging in user '100dollarrandy' to Steam Public ...
Logged in OK
Waiting for user info...OK
Downloading item 1841553455 ...
Success. Downloaded item 1841553455 to "C:\Program Files (x86)\steamcmd\steamapps\workshop\content\107410\1841553455" (43446 bytes) Redirecting stderr to 'C:\Program Files (x86)\steamcmd\logs\stderr.txt'
[  0%] Checking for available updates...
[----] Verifying installation...
-----------------------------------
Downloading Mod 333310405 [ Enhanced Movement ]
-----------------------------------
Steam Console Client (c) Valve Corporation
-- type 'quit' to exit --
Loading Steam API...OK.
Logging in user '100dollarrandy' to Steam Public ...
Logged in OK
Waiting for user info...OK
Downloading item 333310405 ...
Success. Downloaded item 333310405 to "C:\Program Files (x86)\steamcmd\steamapps\workshop\content\107410\333310405" (628454 bytes) Redirecting stderr to 'C:\Program Files (x86)\steamcmd\logs\stderr.txt'
[  0%] Checking for available updates...
[----] Verifying installation...
-----------------------------------
Downloading Mod 1412917989 [ Hebontes ]
-----------------------------------
Steam Console Client (c) Valve Corporation
-- type 'quit' to exit --
Loading Steam API...OK.
Logging in user '100dollarrandy' to Steam Public ...
Logged in OK
Waiting for user info...OK
Downloading item 1412917989 ...
Success. Downloaded item 1412917989 to "C:\Program Files (x86)\steamcmd\steamapps\workshop\content\107410\1412917989" (786843363 bytes) Redirecting stderr to 'C:\Program Files (x86)\steamcmd\logs\stderr.txt'
[  0%] Checking for available updates...
[----] Verifying installation...
-----------------------------------
Downloading Mod 873999690 [ ILBE ]
-----------------------------------
Steam Console Client (c) Valve Corporation
-- type 'quit' to exit --
Loading Steam API...OK.
Logging in user '100dollarrandy' to Steam Public ...
Logged in OK
Waiting for user info...OK
Downloading item 873999690 ...
Success. Downloaded item 873999690 to "C:\Program Files (x86)\steamcmd\steamapps\workshop\content\107410\873999690" (41433892 bytes) Redirecting stderr to 'C:\Program Files (x86)\steamcmd\logs\stderr.txt'
[  0%] Checking for available updates...
[----] Verifying installation...
-----------------------------------
Downloading Mod 520618345 [ JBAD ]
-----------------------------------
Steam Console Client (c) Valve Corporation
-- type 'quit' to exit --
Loading Steam API...OK.
Logging in user '100dollarrandy' to Steam Public ...
Logged in OK
Waiting for user info...OK
Downloading item 520618345 ...
Success. Downloaded item 520618345 to "C:\Program Files (x86)\steamcmd\steamapps\workshop\content\107410\520618345" (2003547674 bytes) Redirecting stderr to 'C:\Program Files (x86)\steamcmd\logs\stderr.txt'
[  0%] Checking for available updates...
[----] Verifying installation...
-----------------------------------
Downloading Mod 1726494027 [ Kujari ]
-----------------------------------
Steam Console Client (c) Valve Corporation
-- type 'quit' to exit --
Loading Steam API...OK.
Logging in user '100dollarrandy' to Steam Public ...
Logged in OK
Waiting for user info...OK
Downloading item 1726494027 ...
Success. Downloaded item 1726494027 to "C:\Program Files (x86)\steamcmd\steamapps\workshop\content\107410\1726494027" (344572775 bytes) Redirecting stderr to 'C:\Program Files (x86)\steamcmd\logs\stderr.txt'
[  0%] Checking for available updates...
[----] Verifying installation...
-----------------------------------
Downloading Mod 718649903 [ Lingor ]
-----------------------------------
Steam Console Client (c) Valve Corporation
-- type 'quit' to exit --
Loading Steam API...OK.
Logging in user '100dollarrandy' to Steam Public ...
Logged in OK
Waiting for user info...OK
Downloading item 718649903 ...
Success. Downloaded item 718649903 to "C:\Program Files (x86)\steamcmd\steamapps\workshop\content\107410\718649903" (779492020 bytes) Redirecting stderr to 'C:\Program Files (x86)\steamcmd\logs\stderr.txt'
[  0%] Checking for available updates...
[----] Verifying installation...
-----------------------------------
Downloading Mod 909547724 [ LYTHIUM ]
-----------------------------------
Steam Console Client (c) Valve Corporation
-- type 'quit' to exit --
Loading Steam API...OK.
Logging in user '100dollarrandy' to Steam Public ...
Logged in OK
Waiting for user info...OK
Downloading item 909547724 ...
Success. Downloaded item 909547724 to "C:\Program Files (x86)\steamcmd\steamapps\workshop\content\107410\909547724" (1504467915 bytes) Redirecting stderr to 'C:\Program Files (x86)\steamcmd\logs\stderr.txt'
[  0%] Checking for available updates...
[----] Verifying installation...
-----------------------------------
Downloading Mod 962932583 [ MBG Buildings ]
-----------------------------------
Steam Console Client (c) Valve Corporation
-- type 'quit' to exit --
Loading Steam API...OK.
Logging in user '100dollarrandy' to Steam Public ...
Logged in OK
Waiting for user info...OK
Downloading item 962932583 ...
Success. Downloaded item 962932583 to "C:\Program Files (x86)\steamcmd\steamapps\workshop\content\107410\962932583" (84468827 bytes) Redirecting stderr to 'C:\Program Files (x86)\steamcmd\logs\stderr.txt'
[  0%] Checking for available updates...
[----] Verifying installation...
-----------------------------------
Downloading Mod 735566597 [ Project OPFOR ]
-----------------------------------
Steam Console Client (c) Valve Corporation
-- type 'quit' to exit --
Loading Steam API...OK.
Logging in user '100dollarrandy' to Steam Public ...
Logged in OK
Waiting for user info...OK
Downloading item 735566597 ...
Success. Downloaded item 735566597 to "C:\Program Files (x86)\steamcmd\steamapps\workshop\content\107410\735566597" (1789845258 bytes) Redirecting stderr to 'C:\Program Files (x86)\steamcmd\logs\stderr.txt'
[  0%] Checking for available updates...
[----] Verifying installation...
-----------------------------------
Downloading Mod 843425103 [ RHS AFRF ]
-----------------------------------
Steam Console Client (c) Valve Corporation
-- type 'quit' to exit --
Loading Steam API...OK.
Logging in user '100dollarrandy' to Steam Public ...
Logged in OK
Waiting for user info...OK
Downloading item 843425103 ...
Success. Downloaded item 843425103 to "C:\Program Files (x86)\steamcmd\steamapps\workshop\content\107410\843425103" (6321142660 bytes) Redirecting stderr to 'C:\Program Files (x86)\steamcmd\logs\stderr.txt'
[  0%] Checking for available updates...
[----] Verifying installation...
-----------------------------------
Downloading Mod 843593391 [ RHS GREF ]
-----------------------------------
Steam Console Client (c) Valve Corporation
-- type 'quit' to exit --
Loading Steam API...OK.
Logging in user '100dollarrandy' to Steam Public ...
Logged in OK
Waiting for user info...OK
Downloading item 843593391 ...
Success. Downloaded item 843593391 to "C:\Program Files (x86)\steamcmd\steamapps\workshop\content\107410\843593391" (2606348916 bytes) Redirecting stderr to 'C:\Program Files (x86)\steamcmd\logs\stderr.txt'
[  0%] Checking for available updates...
[----] Verifying installation...
-----------------------------------
Downloading Mod 843632231 [ RHS SAF ]
-----------------------------------
Steam Console Client (c) Valve Corporation
-- type 'quit' to exit --
Loading Steam API...OK.
Logging in user '100dollarrandy' to Steam Public ...
Logged in OK
Waiting for user info...OK
Downloading item 843632231 ...
Success. Downloaded item 843632231 to "C:\Program Files (x86)\steamcmd\steamapps\workshop\content\107410\843632231" (840174998 bytes) Redirecting stderr to 'C:\Program Files (x86)\steamcmd\logs\stderr.txt'
[  0%] Checking for available updates...
[----] Verifying installation...
-----------------------------------
Downloading Mod 843577117 [ RHS USAF ]
-----------------------------------
Steam Console Client (c) Valve Corporation
-- type 'quit' to exit --
Loading Steam API...OK.
Logging in user '100dollarrandy' to Steam Public ...
Logged in OK
Waiting for user info...OK
Downloading item 843577117 ...
Success. Downloaded item 843577117 to "C:\Program Files (x86)\steamcmd\steamapps\workshop\content\107410\843577117" (6477554290 bytes) Redirecting stderr to 'C:\Program Files (x86)\steamcmd\logs\stderr.txt'
[  0%] Checking for available updates...
[----] Verifying installation...
-----------------------------------
Downloading Mod 939686262 [ Saint Kapaulio ]
-----------------------------------
Steam Console Client (c) Valve Corporation
-- type 'quit' to exit --
Loading Steam API...OK.
Logging in user '100dollarrandy' to Steam Public ...
Logged in OK
Waiting for user info...OK
Downloading item 939686262 ...
Success. Downloaded item 939686262 to "C:\Program Files (x86)\steamcmd\steamapps\workshop\content\107410\939686262" (1553468907 bytes) Redirecting stderr to 'C:\Program Files (x86)\steamcmd\logs\stderr.txt'
[  0%] Checking for available updates...
[----] Verifying installation...
-----------------------------------
Downloading Mod 498740884 [ Shacktac UI ]
-----------------------------------
Steam Console Client (c) Valve Corporation
-- type 'quit' to exit --
Loading Steam API...OK.
Logging in user '100dollarrandy' to Steam Public ...
Logged in OK
Waiting for user info...OK
Downloading item 498740884 ...
Success. Downloaded item 498740884 to "C:\Program Files (x86)\steamcmd\steamapps\workshop\content\107410\498740884" (165139 bytes) Redirecting stderr to 'C:\Program Files (x86)\steamcmd\logs\stderr.txt'
[  0%] Checking for available updates...
[----] Verifying installation...
-----------------------------------
Downloading Mod 1650158104 [ SMA CBA Compat ]
-----------------------------------
Steam Console Client (c) Valve Corporation
-- type 'quit' to exit --
Loading Steam API...OK.
Logging in user '100dollarrandy' to Steam Public ...
Logged in OK
Waiting for user info...OK
Downloading item 1650158104 ...
Success. Downloaded item 1650158104 to "C:\Program Files (x86)\steamcmd\steamapps\workshop\content\107410\1650158104" (13583 bytes) Redirecting stderr to 'C:\Program Files (x86)\steamcmd\logs\stderr.txt'
[  0%] Checking for available updates...
[----] Verifying installation...
-----------------------------------
Downloading Mod 1112431110 [ SMA RHS Compat ]
-----------------------------------
Steam Console Client (c) Valve Corporation
-- type 'quit' to exit --
Loading Steam API...OK.
Logging in user '100dollarrandy' to Steam Public ...
Logged in OK
Waiting for user info...OK
Downloading item 1112431110 ...
Success. Downloaded item 1112431110 to "C:\Program Files (x86)\steamcmd\steamapps\workshop\content\107410\1112431110" (39844 bytes) Redirecting stderr to 'C:\Program Files (x86)\steamcmd\logs\stderr.txt'
[  0%] Checking for available updates...
[----] Verifying installation...
-----------------------------------
Downloading Mod 699630614 [ SMA ]
-----------------------------------
Steam Console Client (c) Valve Corporation
-- type 'quit' to exit --
Loading Steam API...OK.
Logging in user '100dollarrandy' to Steam Public ...
Logged in OK
Waiting for user info...OK
Downloading item 699630614 ...
Success. Downloaded item 699630614 to "C:\Program Files (x86)\steamcmd\steamapps\workshop\content\107410\699630614" (1203593176 bytes) Redirecting stderr to 'C:\Program Files (x86)\steamcmd\logs\stderr.txt'
[  0%] Checking for available updates...
[----] Verifying installation...
-----------------------------------
Downloading Mod 579263829 [ Spyder Addons ]
-----------------------------------
Steam Console Client (c) Valve Corporation
-- type 'quit' to exit --
Loading Steam API...OK.
Logging in user '100dollarrandy' to Steam Public ...
Logged in OK
Waiting for user info...OK
Downloading item 579263829 ...
Success. Downloaded item 579263829 to "C:\Program Files (x86)\steamcmd\steamapps\workshop\content\107410\579263829" (5485029 bytes) Redirecting stderr to 'C:\Program Files (x86)\steamcmd\logs\stderr.txt'
[  0%] Checking for available updates...
[----] Verifying installation...
-----------------------------------
Downloading Mod 620019431 [ Task Force Radio ]
-----------------------------------
Steam Console Client (c) Valve Corporation
-- type 'quit' to exit --
Loading Steam API...OK.
Logging in user '100dollarrandy' to Steam Public ...
Logged in OK
Waiting for user info...OK
Downloading item 620019431 ...
Success. Downloaded item 620019431 to "C:\Program Files (x86)\steamcmd\steamapps\workshop\content\107410\620019431" (158927736 bytes) Redirecting stderr to 'C:\Program Files (x86)\steamcmd\logs\stderr.txt'
[  0%] Checking for available updates...
[----] Verifying installation...
-----------------------------------
Downloading Mod 721359761 [ VCOM ]
-----------------------------------
Steam Console Client (c) Valve Corporation
-- type 'quit' to exit --
Loading Steam API...OK.
Logging in user '100dollarrandy' to Steam Public ...
Logged in OK
Waiting for user info...OK
Downloading item 721359761 ...
Success. Downloaded item 721359761 to "C:\Program Files (x86)\steamcmd\steamapps\workshop\content\107410\721359761" (502223 bytes) Redirecting stderr to 'C:\Program Files (x86)\steamcmd\logs\stderr.txt'
[  0%] Checking for available updates...
[----] Verifying installation...
-----------------------------------
Downloading Mod 823636749 [ VSM All-in-One ]
-----------------------------------
Steam Console Client (c) Valve Corporation
-- type 'quit' to exit --
Loading Steam API...OK.
Logging in user '100dollarrandy' to Steam Public ...
Logged in OK
Waiting for user info...OK
Downloading item 823636749 ...
Success. Downloaded item 823636749 to "C:\Program Files (x86)\steamcmd\steamapps\workshop\content\107410\823636749" (2128671076 bytes) Redirecting stderr to 'C:\Program Files (x86)\steamcmd\logs\stderr.txt'
[  0%] Checking for available updates...
[----] Verifying installation...
-----------------------------------
Downloading Mod 510031102 [ Werthles ]
-----------------------------------
Steam Console Client (c) Valve Corporation
-- type 'quit' to exit --
Loading Steam API...OK.
Logging in user '100dollarrandy' to Steam Public ...
Logged in OK
Waiting for user info...OK
Downloading item 510031102 ...
Success. Downloaded item 510031102 to "C:\Program Files (x86)\steamcmd\steamapps\workshop\content\107410\510031102" (246772 bytes) Redirecting stderr to 'C:\Program Files (x86)\steamcmd\logs\stderr.txt'
[  0%] Checking for available updates...
[----] Verifying installation...
-----------------------------------
Downloading Whitelist Mod 1181881736 [ Athena ]
-----------------------------------
Steam Console Client (c) Valve Corporation
-- type 'quit' to exit --
Loading Steam API...OK.
Logging in user '100dollarrandy' to Steam Public ...
Logged in OK
Waiting for user info...OK
ERROR! Failed to start downloading item 0.Redirecting stderr to 'C:\Program Files (x86)\steamcmd\logs\stderr.txt'
[  0%] Checking for available updates...
[----] Verifying installation...
-----------------------------------
Downloading Whitelist Mod 767380317 [ Blastcore Edited ]
-----------------------------------
Steam Console Client (c) Valve Corporation
-- type 'quit' to exit --
Loading Steam API...OK.
Logging in user '100dollarrandy' to Steam Public ...
Logged in OK
Waiting for user info...OK
ERROR! Failed to start downloading item 0.Redirecting stderr to 'C:\Program Files (x86)\steamcmd\logs\stderr.txt'
[  0%] Checking for available updates...
[----] Verifying installation...
-----------------------------------
Downloading Whitelist Mod 853303947 [ Blastcore Vanilla Smoke ]
-----------------------------------
Steam Console Client (c) Valve Corporation
-- type 'quit' to exit --
Loading Steam API...OK.
Logging in user '100dollarrandy' to Steam Public ...
Logged in OK
Waiting for user info...OK
ERROR! Failed to start downloading item 0.Redirecting stderr to 'C:\Program Files (x86)\steamcmd\logs\stderr.txt'
[  0%] Checking for available updates...
[----] Verifying installation...
-----------------------------------
Downloading Whitelist Mod 1638341685 [ DUI - Squad Radar ]
-----------------------------------
Steam Console Client (c) Valve Corporation
-- type 'quit' to exit --
Loading Steam API...OK.
Logging in user '100dollarrandy' to Steam Public ...
Logged in OK
Waiting for user info...OK
ERROR! Failed to start downloading item 0.Redirecting stderr to 'C:\Program Files (x86)\steamcmd\logs\stderr.txt'
[  0%] Checking for available updates...
[----] Verifying installation...
-----------------------------------
Downloading Whitelist Mod 825179978 [ Enhanced Soundscape ]
-----------------------------------
Steam Console Client (c) Valve Corporation
-- type 'quit' to exit --
Loading Steam API...OK.
Logging in user '100dollarrandy' to Steam Public ...
Logged in OK
Waiting for user info...OK
ERROR! Failed to start downloading item 0.Redirecting stderr to 'C:\Program Files (x86)\steamcmd\logs\stderr.txt'
[  0%] Checking for available updates...
[----] Verifying installation...
-----------------------------------
Downloading Whitelist Mod 877530153 [ HMD RHS ]
-----------------------------------
Steam Console Client (c) Valve Corporation
-- type 'quit' to exit --
Loading Steam API...OK.
Logging in user '100dollarrandy' to Steam Public ...
Logged in OK
Waiting for user info...OK
ERROR! Failed to start downloading item 0.Redirecting stderr to 'C:\Program Files (x86)\steamcmd\logs\stderr.txt'
[  0%] Checking for available updates...
[----] Verifying installation...
-----------------------------------
Downloading Whitelist Mod 312724602 [ HMD ]
-----------------------------------
Steam Console Client (c) Valve Corporation
-- type 'quit' to exit --
Loading Steam API...OK.
Logging in user '100dollarrandy' to Steam Public ...
Logged in OK
Waiting for user info...OK
ERROR! Failed to start downloading item 0.Redirecting stderr to 'C:\Program Files (x86)\steamcmd\logs\stderr.txt'
[  0%] Checking for available updates...
[----] Verifying installation...
-----------------------------------
Downloading Whitelist Mod 870212593 [ JSRS - RHS - Vehicles Sound Patch ]
-----------------------------------
Steam Console Client (c) Valve Corporation
-- type 'quit' to exit --
Loading Steam API...OK.
Logging in user '100dollarrandy' to Steam Public ...
Logged in OK
Waiting for user info...OK
ERROR! Failed to start downloading item 0.Redirecting stderr to 'C:\Program Files (x86)\steamcmd\logs\stderr.txt'
[  0%] Checking for available updates...
[----] Verifying installation...
-----------------------------------
Downloading Whitelist Mod 1181421524 [ JSRS SOUNDMOD - Dependency Fixes ]
-----------------------------------
Steam Console Client (c) Valve Corporation
-- type 'quit' to exit --
Loading Steam API...OK.
Logging in user '100dollarrandy' to Steam Public ...
Logged in OK
Waiting for user info...OK
ERROR! Failed to start downloading item 0.Redirecting stderr to 'C:\Program Files (x86)\steamcmd\logs\stderr.txt'
[  0%] Checking for available updates...
[----] Verifying installation...
-----------------------------------
Downloading Whitelist Mod 1429098683 [ JSRS SOUNDMOD - Reloading Sounds  ]
-----------------------------------
Steam Console Client (c) Valve Corporation
-- type 'quit' to exit --
Loading Steam API...OK.
Logging in user '100dollarrandy' to Steam Public ...
Logged in OK
Waiting for user info...OK
ERROR! Failed to start downloading item 0.Redirecting stderr to 'C:\Program Files (x86)\steamcmd\logs\stderr.txt'
[  0%] Checking for available updates...
[----] Verifying installation...
-----------------------------------
Downloading Whitelist Mod 1180534892 [ JSRS SOUNDMOD - RHS GREF Mod Pack Sound Support ]
-----------------------------------
Steam Console Client (c) Valve Corporation
-- type 'quit' to exit --
Loading Steam API...OK.
Logging in user '100dollarrandy' to Steam Public ...
Logged in OK
Waiting for user info...OK
ERROR! Failed to start downloading item 0.Redirecting stderr to 'C:\Program Files (x86)\steamcmd\logs\stderr.txt'
[  0%] Checking for available updates...
[----] Verifying installation...
-----------------------------------
Downloading Whitelist Mod 1486541773 [ JSRS SOUNDMOD - RHS SAF Mod Pack Support ]
-----------------------------------
Steam Console Client (c) Valve Corporation
-- type 'quit' to exit --
Loading Steam API...OK.
Logging in user '100dollarrandy' to Steam Public ...
Logged in OK
Waiting for user info...OK
ERROR! Failed to start downloading item 0.Redirecting stderr to 'C:\Program Files (x86)\steamcmd\logs\stderr.txt'
[  0%] Checking for available updates...
[----] Verifying installation...
-----------------------------------
Downloading Whitelist Mod 1196700252 [ JSRS SOUNDMOD - Specialist Military Arms Mod Sound Support ]
-----------------------------------
Steam Console Client (c) Valve Corporation
-- type 'quit' to exit --
Loading Steam API...OK.
Logging in user '100dollarrandy' to Steam Public ...
Logged in OK
Waiting for user info...OK
ERROR! Failed to start downloading item 0.Redirecting stderr to 'C:\Program Files (x86)\steamcmd\logs\stderr.txt'
[  0%] Checking for available updates...
[----] Verifying installation...
-----------------------------------
Downloading Whitelist Mod 1180533757 [ JSRS Soundmod ]
-----------------------------------
Steam Console Client (c) Valve Corporation
-- type 'quit' to exit --
Loading Steam API...OK.
Logging in user '100dollarrandy' to Steam Public ...
Logged in OK
Waiting for user info...OK
ERROR! Failed to start downloading item 0.Redirecting stderr to 'C:\Program Files (x86)\steamcmd\logs\stderr.txt'
[  0%] Checking for available updates...
[----] Verifying installation...
-----------------------------------
