Downloading Mod 1501538330 [ 17BCT Shit ]
-----------------------------------
Steam Console Client (c) Valve Corporation
-- type 'quit' to exit --
Loading Steam API...OK.

Logging in user 'user4752' to Steam Public...
Using cached credentials. . .
Logged in OK
Waiting for user info...OK
Downloading item 1501538330 ...
Success. Downloaded item 1501538330 to "c:\arma3\steam\steamapps\workshop\content\107410\1501538330" (147188187 bytes) Redirecting stderr to 'c:\arma3\steam\logs\stderr.txt'
[  0%] Checking for available updates...
[----] Verifying installation...
-----------------------------------
Downloading Mod 463939057 [ ACE 3 ]
-----------------------------------
Steam Console Client (c) Valve Corporation
-- type 'quit' to exit --
Loading Steam API...OK.

Logging in user 'user4752' to Steam Public...
Using cached credentials. . .
Logged in OK
Waiting for user info...OK
Downloading item 463939057 ...
Success. Downloaded item 463939057 to "c:\arma3\steam\steamapps\workshop\content\107410\463939057" (152591547 bytes) Redirecting stderr to 'c:\arma3\steam\logs\stderr.txt'
[  0%] Checking for available updates...
[----] Verifying installation...
-----------------------------------
Downloading Mod 773131200 [ ACE AFRF Compat ]
-----------------------------------
Steam Console Client (c) Valve Corporation
-- type 'quit' to exit --
Loading Steam API...OK.

Logging in user 'user4752' to Steam Public...
Using cached credentials. . .
Logged in OK
Waiting for user info...OK
Downloading item 773131200 ...
Success. Downloaded item 773131200 to "c:\arma3\steam\steamapps\workshop\content\107410\773131200" (42722 bytes) Redirecting stderr to 'c:\arma3\steam\logs\stderr.txt'
[  0%] Checking for available updates...
[----] Verifying installation...
-----------------------------------
Downloading Mod 884966711 [ ACE GREF Compat ]
-----------------------------------
Steam Console Client (c) Valve Corporation
-- type 'quit' to exit --
Loading Steam API...OK.

Logging in user 'user4752' to Steam Public...
Using cached credentials. . .
Logged in OK
Waiting for user info...OK
Downloading item 884966711 ...
Success. Downloaded item 884966711 to "c:\arma3\steam\steamapps\workshop\content\107410\884966711" (8885 bytes) Redirecting stderr to 'c:\arma3\steam\logs\stderr.txt'
[  0%] Checking for available updates...
[----] Verifying installation...
-----------------------------------
Downloading Mod 773125288 [ ACE USAF Compat ]
-----------------------------------
Steam Console Client (c) Valve Corporation
-- type 'quit' to exit --
Loading Steam API...OK.

Logging in user 'user4752' to Steam Public...
Using cached credentials. . .
Logged in OK
Waiting for user info...OK
Downloading item 773125288 ...
Success. Downloaded item 773125288 to "c:\arma3\steam\steamapps\workshop\content\107410\773125288" (82603 bytes) Redirecting stderr to 'c:\arma3\steam\logs\stderr.txt'
[  0%] Checking for available updates...
[----] Verifying installation...
-----------------------------------
Downloading Mod 708250744 [ ACE X ]
-----------------------------------
Steam Console Client (c) Valve Corporation
-- type 'quit' to exit --
Loading Steam API...OK.

Logging in user 'user4752' to Steam Public...
Using cached credentials. . .
Logged in OK
Waiting for user info...OK
Downloading item 708250744 ...
Success. Downloaded item 708250744 to "c:\arma3\steam\steamapps\workshop\content\107410\708250744" (3984790 bytes) Redirecting stderr to 'c:\arma3\steam\logs\stderr.txt'
[  0%] Checking for available updates...
[----] Verifying installation...
-----------------------------------
Downloading Mod 723217262 [ Achilles ]
-----------------------------------
Steam Console Client (c) Valve Corporation
-- type 'quit' to exit --
Loading Steam API...OK.

Logging in user 'user4752' to Steam Public...
Using cached credentials. . .
Logged in OK
Waiting for user info...OK
Downloading item 723217262 ...
Success. Downloaded item 723217262 to "c:\arma3\steam\steamapps\workshop\content\107410\723217262" (2528585 bytes) Redirecting stderr to 'c:\arma3\steam\logs\stderr.txt'
[  0%] Checking for available updates...
[----] Verifying installation...
-----------------------------------
Downloading Mod 730310357 [ Advanced Urban Rapelling ]
-----------------------------------
Steam Console Client (c) Valve Corporation
-- type 'quit' to exit --
Loading Steam API...OK.

Logging in user 'user4752' to Steam Public...
Using cached credentials. . .
Logged in OK
Waiting for user info...OK
Downloading item 730310357 ...
Success. Downloaded item 730310357 to "c:\arma3\steam\steamapps\workshop\content\107410\730310357" (1139403 bytes) Redirecting stderr to 'c:\arma3\steam\logs\stderr.txt'
[  0%] Checking for available updates...
[----] Verifying installation...
-----------------------------------
Downloading Mod 620260972 [ ALiVE ]
-----------------------------------
Steam Console Client (c) Valve Corporation
-- type 'quit' to exit --
Loading Steam API...OK.

Logging in user 'user4752' to Steam Public...
Using cached credentials. . .
Logged in OK
Waiting for user info...OK
Downloading item 620260972 ...
Success. Downloaded item 620260972 to "c:\arma3\steam\steamapps\workshop\content\107410\620260972" (206118673 bytes) Redirecting stderr to 'c:\arma3\steam\logs\stderr.txt'
[  0%] Checking for available updates...
[----] Verifying installation...
-----------------------------------
Downloading Mod 820924072 [ Backpack on Chest ]
-----------------------------------
Steam Console Client (c) Valve Corporation
-- type 'quit' to exit --
Loading Steam API...OK.

Logging in user 'user4752' to Steam Public...
Using cached credentials. . .
Logged in OK
Waiting for user info...OK
Downloading item 820924072 ...
Success. Downloaded item 820924072 to "c:\arma3\steam\steamapps\workshop\content\107410\820924072" (122969 bytes) Redirecting stderr to 'c:\arma3\steam\logs\stderr.txt'
[  0%] Checking for available updates...
[----] Verifying installation...
-----------------------------------
Downloading Mod 450814997 [ CBA ]
-----------------------------------
Steam Console Client (c) Valve Corporation
-- type 'quit' to exit --
Loading Steam API...OK.

Logging in user 'user4752' to Steam Public...
Using cached credentials. . .
Logged in OK
Waiting for user info...OK
Downloading item 450814997 ...
Success. Downloaded item 450814997 to "c:\arma3\steam\steamapps\workshop\content\107410\450814997" (2089404 bytes) Redirecting stderr to 'c:\arma3\steam\logs\stderr.txt'
[  0%] Checking for available updates...
[----] Verifying installation...
-----------------------------------
Downloading Mod 583496184 [ CUP Terrains Core ]
-----------------------------------
Steam Console Client (c) Valve Corporation
-- type 'quit' to exit --
Loading Steam API...OK.

Logging in user 'user4752' to Steam Public...
Using cached credentials. . .
Logged in OK
Waiting for user info...OK
Downloading item 583496184 ...
Success. Downloaded item 583496184 to "c:\arma3\steam\steamapps\workshop\content\107410\583496184" (9212616892 bytes) Redirecting stderr to 'c:\arma3\steam\logs\stderr.txt'
[  0%] Checking for available updates...
[----] Verifying installation...
-----------------------------------
Downloading Mod 583544987 [ CUP Terrains Maps ]
-----------------------------------
Steam Console Client (c) Valve Corporation
-- type 'quit' to exit --
Loading Steam API...OK.

Logging in user 'user4752' to Steam Public...
Using cached credentials. . .
Logged in OK
Waiting for user info...OK
Downloading item 583544987 ...
Success. Downloaded item 583544987 to "c:\arma3\steam\steamapps\workshop\content\107410\583544987" (3408780702 bytes) Redirecting stderr to 'c:\arma3\steam\logs\stderr.txt'
[  0%] Checking for available updates...
[----] Verifying installation...
-----------------------------------
Downloading Mod 333310405 [ Enhanced Movement ]
-----------------------------------
Steam Console Client (c) Valve Corporation
-- type 'quit' to exit --
Loading Steam API...OK.

Logging in user 'user4752' to Steam Public...
Using cached credentials. . .
Logged in OK
Waiting for user info...OK
Downloading item 333310405 ...
Success. Downloaded item 333310405 to "c:\arma3\steam\steamapps\workshop\content\107410\333310405" (628454 bytes) Redirecting stderr to 'c:\arma3\steam\logs\stderr.txt'
[  0%] Checking for available updates...
[----] Verifying installation...
-----------------------------------
Downloading Mod 1412917989 [ Hebontes ]
-----------------------------------
Steam Console Client (c) Valve Corporation
-- type 'quit' to exit --
Loading Steam API...OK.

Logging in user 'user4752' to Steam Public...
Using cached credentials. . .
Logged in OK
Waiting for user info...OK
Downloading item 1412917989 ...
Success. Downloaded item 1412917989 to "c:\arma3\steam\steamapps\workshop\content\107410\1412917989" (786843363 bytes) Redirecting stderr to 'c:\arma3\steam\logs\stderr.txt'
[  0%] Checking for available updates...
[----] Verifying installation...
-----------------------------------
Downloading Mod 1280713702 [ ILBE ]
-----------------------------------
Steam Console Client (c) Valve Corporation
-- type 'quit' to exit --
Loading Steam API...OK.

Logging in user 'user4752' to Steam Public...
Using cached credentials. . .
Logged in OK
Waiting for user info...OK
Downloading item 1280713702 ...
Success. Downloaded item 1280713702 to "c:\arma3\steam\steamapps\workshop\content\107410\1280713702" (41435041 bytes) Redirecting stderr to 'c:\arma3\steam\logs\stderr.txt'
[  0%] Checking for available updates...
[----] Verifying installation...
-----------------------------------
Downloading Mod 520618345 [ JBAD ]
-----------------------------------
Steam Console Client (c) Valve Corporation
-- type 'quit' to exit --
Loading Steam API...OK.

Logging in user 'user4752' to Steam Public...
Using cached credentials. . .
Logged in OK
Waiting for user info...OK
Downloading item 520618345 ...
Success. Downloaded item 520618345 to "c:\arma3\steam\steamapps\workshop\content\107410\520618345" (2003547674 bytes) Redirecting stderr to 'c:\arma3\steam\logs\stderr.txt'
[  0%] Checking for available updates...
[----] Verifying installation...
-----------------------------------
Downloading Mod 909547724 [ LYTHIUM ]
-----------------------------------
Steam Console Client (c) Valve Corporation
-- type 'quit' to exit --
Loading Steam API...OK.

Logging in user 'user4752' to Steam Public...
Using cached credentials. . .
Logged in OK
Waiting for user info...OK
Downloading item 909547724 ...
Success. Downloaded item 909547724 to "c:\arma3\steam\steamapps\workshop\content\107410\909547724" (1504467915 bytes) Redirecting stderr to 'c:\arma3\steam\logs\stderr.txt'
[  0%] Checking for available updates...
[----] Verifying installation...
-----------------------------------
Downloading Mod 962932583 [ MBG Buildings ]
-----------------------------------
Steam Console Client (c) Valve Corporation
-- type 'quit' to exit --
Loading Steam API...OK.

Logging in user 'user4752' to Steam Public...
Using cached credentials. . .
Logged in OK
Waiting for user info...OK
Downloading item 962932583 ...
Success. Downloaded item 962932583 to "c:\arma3\steam\steamapps\workshop\content\107410\962932583" (84468819 bytes) Redirecting stderr to 'c:\arma3\steam\logs\stderr.txt'
[  0%] Checking for available updates...
[----] Verifying installation...
-----------------------------------
Downloading Mod 735566597 [ Project OPFOR ]
-----------------------------------
Steam Console Client (c) Valve Corporation
-- type 'quit' to exit --
Loading Steam API...OK.

Logging in user 'user4752' to Steam Public...
Using cached credentials. . .
Logged in OK
Waiting for user info...OK
Downloading item 735566597 ...
Success. Downloaded item 735566597 to "c:\arma3\steam\steamapps\workshop\content\107410\735566597" (1556358828 bytes) Redirecting stderr to 'c:\arma3\steam\logs\stderr.txt'
[  0%] Checking for available updates...
[----] Verifying installation...
-----------------------------------
Downloading Mod 843425103 [ RHS AFRF ]
-----------------------------------
Steam Console Client (c) Valve Corporation
-- type 'quit' to exit --
Loading Steam API...OK.

Logging in user 'user4752' to Steam Public...
Using cached credentials. . .
Logged in OK
Waiting for user info...OK
Downloading item 843425103 ...
Success. Downloaded item 843425103 to "c:\arma3\steam\steamapps\workshop\content\107410\843425103" (5485540608 bytes) Redirecting stderr to 'c:\arma3\steam\logs\stderr.txt'
[  0%] Checking for available updates...
[----] Verifying installation...
-----------------------------------
Downloading Mod 843593391 [ RHS GREF ]
-----------------------------------
Steam Console Client (c) Valve Corporation
-- type 'quit' to exit --
Loading Steam API...OK.

Logging in user 'user4752' to Steam Public...
Using cached credentials. . .
Logged in OK
Waiting for user info...OK
Downloading item 843593391 ...
Success. Downloaded item 843593391 to "c:\arma3\steam\steamapps\workshop\content\107410\843593391" (2001797837 bytes) Redirecting stderr to 'c:\arma3\steam\logs\stderr.txt'
[  0%] Checking for available updates...
[----] Verifying installation...
-----------------------------------
Downloading Mod 843632231 [ RHS SAF ]
-----------------------------------
Steam Console Client (c) Valve Corporation
-- type 'quit' to exit --
Loading Steam API...OK.

Logging in user 'user4752' to Steam Public...
Using cached credentials. . .
Logged in OK
Waiting for user info...OK
Downloading item 843632231 ...
Success. Downloaded item 843632231 to "c:\arma3\steam\steamapps\workshop\content\107410\843632231" (742057161 bytes) Redirecting stderr to 'c:\arma3\steam\logs\stderr.txt'
[  0%] Checking for available updates...
[----] Verifying installation...
-----------------------------------
Downloading Mod 843577117 [ RHS USAF ]
-----------------------------------
Steam Console Client (c) Valve Corporation
-- type 'quit' to exit --
Loading Steam API...OK.

Logging in user 'user4752' to Steam Public...
Using cached credentials. . .
Logged in OK
Waiting for user info...OK
Downloading item 843577117 ...
Success. Downloaded item 843577117 to "c:\arma3\steam\steamapps\workshop\content\107410\843577117" (5584387126 bytes) Redirecting stderr to 'c:\arma3\steam\logs\stderr.txt'
[  0%] Checking for available updates...
[----] Verifying installation...
-----------------------------------
Downloading Mod 1527410521 [ Rosche ]
-----------------------------------
Steam Console Client (c) Valve Corporation
-- type 'quit' to exit --
Loading Steam API...OK.

Logging in user 'user4752' to Steam Public...
Using cached credentials. . .
Logged in OK
Waiting for user info...OK
Downloading item 1527410521 ...
Success. Downloaded item 1527410521 to "c:\arma3\steam\steamapps\workshop\content\107410\1527410521" (778241213 bytes) Redirecting stderr to 'c:\arma3\steam\logs\stderr.txt'
[  0%] Checking for available updates...
[----] Verifying installation...
-----------------------------------
Downloading Mod 1368857262 [ Ruha ]
-----------------------------------
Steam Console Client (c) Valve Corporation
-- type 'quit' to exit --
Loading Steam API...OK.

Logging in user 'user4752' to Steam Public...
Using cached credentials. . .
Logged in OK
Waiting for user info...OK
Downloading item 1368857262 ...
Success. Downloaded item 1368857262 to "c:\arma3\steam\steamapps\workshop\content\107410\1368857262" (266871970 bytes) Redirecting stderr to 'c:\arma3\steam\logs\stderr.txt'
[  0%] Checking for available updates...
[----] Verifying installation...
-----------------------------------
Downloading Mod 498740884 [ Shacktac UI ]
-----------------------------------
Steam Console Client (c) Valve Corporation
-- type 'quit' to exit --
Loading Steam API...OK.

Logging in user 'user4752' to Steam Public...
Using cached credentials. . .
Logged in OK
Waiting for user info...OK
Downloading item 498740884 ...
Success. Downloaded item 498740884 to "c:\arma3\steam\steamapps\workshop\content\107410\498740884" (159675 bytes) Redirecting stderr to 'c:\arma3\steam\logs\stderr.txt'
[  0%] Checking for available updates...
[----] Verifying installation...
-----------------------------------
Downloading Mod 1112431110 [ SMA RHS Compat ]
-----------------------------------
Steam Console Client (c) Valve Corporation
-- type 'quit' to exit --
Loading Steam API...OK.

Logging in user 'user4752' to Steam Public...
Using cached credentials. . .
Logged in OK
Waiting for user info...OK
Downloading item 1112431110 ...
Success. Downloaded item 1112431110 to "c:\arma3\steam\steamapps\workshop\content\107410\1112431110" (39844 bytes) Redirecting stderr to 'c:\arma3\steam\logs\stderr.txt'
[  0%] Checking for available updates...
[----] Verifying installation...
-----------------------------------
Downloading Mod 699630614 [ SMA ]
-----------------------------------
Steam Console Client (c) Valve Corporation
-- type 'quit' to exit --
Loading Steam API...OK.

Logging in user 'user4752' to Steam Public...
Using cached credentials. . .
Logged in OK
Waiting for user info...OK
Downloading item 699630614 ...
Success. Downloaded item 699630614 to "c:\arma3\steam\steamapps\workshop\content\107410\699630614" (1203593176 bytes) Redirecting stderr to 'c:\arma3\steam\logs\stderr.txt'
[  0%] Checking for available updates...
[----] Verifying installation...
-----------------------------------
Downloading Mod 579263829 [ Spyder Addons ]
-----------------------------------
Steam Console Client (c) Valve Corporation
-- type 'quit' to exit --
Loading Steam API...OK.

Logging in user 'user4752' to Steam Public...
Using cached credentials. . .
Logged in OK
Waiting for user info...OK
Downloading item 579263829 ...
Success. Downloaded item 579263829 to "c:\arma3\steam\steamapps\workshop\content\107410\579263829" (5485029 bytes) Redirecting stderr to 'c:\arma3\steam\logs\stderr.txt'
[  0%] Checking for available updates...
[----] Verifying installation...
-----------------------------------
Downloading Mod 620019431 [ Task Force Radio ]
-----------------------------------
Steam Console Client (c) Valve Corporation
-- type 'quit' to exit --
Loading Steam API...OK.

Logging in user 'user4752' to Steam Public...
Using cached credentials. . .
Logged in OK
Waiting for user info...OK
Downloading item 620019431 ...
Success. Downloaded item 620019431 to "c:\arma3\steam\steamapps\workshop\content\107410\620019431" (166388040 bytes) Redirecting stderr to 'c:\arma3\steam\logs\stderr.txt'
[  0%] Checking for available updates...
[----] Verifying installation...
-----------------------------------
Downloading Mod 721359761 [ VCOM ]
-----------------------------------
Steam Console Client (c) Valve Corporation
-- type 'quit' to exit --
Loading Steam API...OK.

Logging in user 'user4752' to Steam Public...
Using cached credentials. . .
Logged in OK
Waiting for user info...OK
Downloading item 721359761 ...
Success. Downloaded item 721359761 to "c:\arma3\steam\steamapps\workshop\content\107410\721359761" (702005 bytes) Redirecting stderr to 'c:\arma3\steam\logs\stderr.txt'
[  0%] Checking for available updates...
[----] Verifying installation...
-----------------------------------
Downloading Mod 823636749 [ VSM All-in-One ]
-----------------------------------
Steam Console Client (c) Valve Corporation
-- type 'quit' to exit --
Loading Steam API...OK.

Logging in user 'user4752' to Steam Public...
Using cached credentials. . .
Logged in OK
Waiting for user info...OK
Downloading item 823636749 ...
Success. Downloaded item 823636749 to "c:\arma3\steam\steamapps\workshop\content\107410\823636749" (1518414606 bytes) Redirecting stderr to 'c:\arma3\steam\logs\stderr.txt'
[  0%] Checking for available updates...
[----] Verifying installation...
-----------------------------------
Downloading Mod 510031102 [ Werthless ]
-----------------------------------
Steam Console Client (c) Valve Corporation
-- type 'quit' to exit --
Loading Steam API...OK.

Logging in user 'user4752' to Steam Public...
Using cached credentials. . .
Logged in OK
Waiting for user info...OK
Downloading item 510031102 ...
Success. Downloaded item 510031102 to "c:\arma3\steam\steamapps\workshop\content\107410\510031102" (246772 bytes) Redirecting stderr to 'c:\arma3\steam\logs\stderr.txt'
[  0%] Checking for available updates...
[----] Verifying installation...
-----------------------------------
Downloading Whitelist Mod 767380317 [ Blastcore Edited ]
-----------------------------------
Steam Console Client (c) Valve Corporation
-- type 'quit' to exit --
Loading Steam API...OK.

Logging in user 'user4752' to Steam Public...
Using cached credentials. . .
Logged in OK
Waiting for user info...OK
Downloading item 767380317 ...
Success. Downloaded item 767380317 to "c:\arma3\steam\steamapps\workshop\content\107410\767380317" (93296116 bytes) Redirecting stderr to 'c:\arma3\steam\logs\stderr.txt'
[  0%] Checking for available updates...
[----] Verifying installation...
-----------------------------------
Downloading Whitelist Mod 825179978 [ Enhanced Soundscape ]
-----------------------------------
Steam Console Client (c) Valve Corporation
-- type 'quit' to exit --
Loading Steam API...OK.

Logging in user 'user4752' to Steam Public...
Using cached credentials. . .
Logged in OK
Waiting for user info...OK
Downloading item 825179978 ...
Success. Downloaded item 825179978 to "c:\arma3\steam\steamapps\workshop\content\107410\825179978" (107575253 bytes) Redirecting stderr to 'c:\arma3\steam\logs\stderr.txt'
[  0%] Checking for available updates...
[----] Verifying installation...
-----------------------------------
Downloading Whitelist Mod 861133494 [ JSRS Soundmod ]
-----------------------------------
Steam Console Client (c) Valve Corporation
-- type 'quit' to exit --
Loading Steam API...OK.

Logging in user 'user4752' to Steam Public...
Using cached credentials. . .
Logged in OK
Waiting for user info...OK
Downloading item 861133494 ...
Success. Downloaded item 861133494 to "c:\arma3\steam\steamapps\workshop\content\107410\861133494" (1269668115 bytes) Redirecting stderr to 'c:\arma3\steam\logs\stderr.txt'
[  0%] Checking for available updates...
[----] Verifying installation...
-----------------------------------
Downloading Mod 1501538330 [ 17BCT Shit ]
-----------------------------------
Steam Console Client (c) Valve Corporation
-- type 'quit' to exit --
Loading Steam API...OK.

Logging in user 'user4752' to Steam Public...\src\tier0\threadtools.cpp (3220) : Assertion Failed: Illegal termination of worker thread 'CIPCServer::m_ThreadClient'

Using cached credentials. . .
\src\tier0\threadtools.cpp (3220) : Assertion Failed: Illegal termination of worker thread 'SocketThread'
\src\common\steamservice.cpp (58) : Assertion Failed: m_hServiceLib == NULL
