Downloading Mod 1501538330 [ 17BCT Shit ]
-----------------------------------
Steam Console Client (c) Valve Corporation
-- type 'quit' to exit --
Loading Steam API...OK.
Logging in user '100dollarrandy' to Steam Public ...
Logged in OK
Waiting for user info...OK
Downloading item 1501538330 ...
Success. Downloaded item 1501538330 to "c:\arma3\steam\steamapps\workshop\content\107410\1501538330" (179956689 bytes) Redirecting stderr to 'c:\arma3\steam\logs\stderr.txt'
[  0%] Checking for available updates...
[----] Verifying installation...
Redirecting stderr to 'c:\arma3\steam\logs\stderr.txt'
[  0%] Checking for available updates...
[----] Downloading update (1,262 of 39,055 KB)...
[  3%] Downloading update (11,571 of 39,055 KB)...
[ 29%] Downloading update (19,513 of 39,055 KB)...
[ 49%] Downloading update (27,365 of 39,055 KB)...
[ 70%] Downloading update (35,048 of 39,055 KB)...
[ 89%] Downloading update (39,055 of 39,055 KB)...
[100%] Download complete.
[----] Installing update...
[----] Extracting package...
[----] Extracting package...
[----] Extracting package...
[----] Extracting package...
[----] Extracting package...
[----] Extracting package...
[----] Installing update...
[----] Installing update...
[----] Installing update...
[----] Installing update...
[----] Installing update...
[----] Installing update...
[----] Installing update...
[----] Cleaning up...
[----] Update complete, launching Steamcmd...
-----------------------------------
Downloading Mod 463939057 [ ACE 3 ]
-----------------------------------
Steam Console Client (c) Valve Corporation
-- type 'quit' to exit --
Loading Steam API...OK.
Logging in user '100dollarrandy' to Steam Public ...
Logged in OK
Waiting for user info...OK
Downloading item 463939057 ...
Success. Downloaded item 463939057 to "c:\arma3\steam\steamapps\workshop\content\107410\463939057" (152751659 bytes) Redirecting stderr to 'c:\arma3\steam\logs\stderr.txt'
[  0%] Checking for available updates...
[----] Verifying installation...
-----------------------------------
Downloading Mod 773131200 [ ACE AFRF Compat ]
-----------------------------------
Steam Console Client (c) Valve Corporation
-- type 'quit' to exit --
Loading Steam API...OK.
Logging in user '100dollarrandy' to Steam Public ...
Logged in OK
Waiting for user info...OK
Downloading item 773131200 ...
Success. Downloaded item 773131200 to "c:\arma3\steam\steamapps\workshop\content\107410\773131200" (42722 bytes) Redirecting stderr to 'c:\arma3\steam\logs\stderr.txt'
[  0%] Checking for available updates...
[----] Verifying installation...
-----------------------------------
Downloading Mod 884966711 [ ACE GREF Compat ]
-----------------------------------
Steam Console Client (c) Valve Corporation
-- type 'quit' to exit --
Loading Steam API...OK.
Logging in user '100dollarrandy' to Steam Public ...
Logged in OK
Waiting for user info...OK
Downloading item 884966711 ...
Success. Downloaded item 884966711 to "c:\arma3\steam\steamapps\workshop\content\107410\884966711" (8885 bytes) Redirecting stderr to 'c:\arma3\steam\logs\stderr.txt'
[  0%] Checking for available updates...
[----] Verifying installation...
-----------------------------------
Downloading Mod 773125288 [ ACE USAF Compat ]
-----------------------------------
Steam Console Client (c) Valve Corporation
-- type 'quit' to exit --
Loading Steam API...OK.
Logging in user '100dollarrandy' to Steam Public ...
Logged in OK
Waiting for user info...OK
Downloading item 773125288 ...
Success. Downloaded item 773125288 to "c:\arma3\steam\steamapps\workshop\content\107410\773125288" (82773 bytes) Redirecting stderr to 'c:\arma3\steam\logs\stderr.txt'
[  0%] Checking for available updates...
[----] Verifying installation...
-----------------------------------
Downloading Mod 708250744 [ ACE X ]
-----------------------------------
Steam Console Client (c) Valve Corporation
-- type 'quit' to exit --
Loading Steam API...OK.
Logging in user '100dollarrandy' to Steam Public ...
Logged in OK
Waiting for user info...OK
Downloading item 708250744 ...
Success. Downloaded item 708250744 to "c:\arma3\steam\steamapps\workshop\content\107410\708250744" (3997113 bytes) Redirecting stderr to 'c:\arma3\steam\logs\stderr.txt'
[  0%] Checking for available updates...
[----] Verifying installation...
-----------------------------------
Downloading Mod 723217262 [ Achilles ]
-----------------------------------
Steam Console Client (c) Valve Corporation
-- type 'quit' to exit --
Loading Steam API...OK.
Logging in user '100dollarrandy' to Steam Public ...
Logged in OK
Waiting for user info...OK
Downloading item 723217262 ...
Success. Downloaded item 723217262 to "c:\arma3\steam\steamapps\workshop\content\107410\723217262" (2528585 bytes) Redirecting stderr to 'c:\arma3\steam\logs\stderr.txt'
[  0%] Checking for available updates...
[----] Verifying installation...
-----------------------------------
Downloading Mod 730310357 [ Advanced Urban Rapelling ]
-----------------------------------
Steam Console Client (c) Valve Corporation
-- type 'quit' to exit --
Loading Steam API...OK.
Logging in user '100dollarrandy' to Steam Public ...
Logged in OK
Waiting for user info...OK
Downloading item 730310357 ...
Success. Downloaded item 730310357 to "c:\arma3\steam\steamapps\workshop\content\107410\730310357" (1139403 bytes) Redirecting stderr to 'c:\arma3\steam\logs\stderr.txt'
[  0%] Checking for available updates...
[----] Verifying installation...
-----------------------------------
Downloading Mod 620260972 [ ALiVE ]
-----------------------------------
Steam Console Client (c) Valve Corporation
-- type 'quit' to exit --
Loading Steam API...OK.
Logging in user '100dollarrandy' to Steam Public ...
Logged in OK
Waiting for user info...OK
Downloading item 620260972 ...
Success. Downloaded item 620260972 to "c:\arma3\steam\steamapps\workshop\content\107410\620260972" (211778021 bytes) Redirecting stderr to 'c:\arma3\steam\logs\stderr.txt'
[  0%] Checking for available updates...
[----] Verifying installation...
-----------------------------------
Downloading Mod 820924072 [ Backpack on Chest ]
-----------------------------------
Steam Console Client (c) Valve Corporation
-- type 'quit' to exit --
Loading Steam API...OK.
Logging in user '100dollarrandy' to Steam Public ...
Logged in OK
Waiting for user info...OK
Downloading item 820924072 ...
Success. Downloaded item 820924072 to "c:\arma3\steam\steamapps\workshop\content\107410\820924072" (122969 bytes) Redirecting stderr to 'c:\arma3\steam\logs\stderr.txt'
[  0%] Checking for available updates...
[----] Verifying installation...
-----------------------------------
Downloading Mod 1314910827 [ Breaching Charge ]
-----------------------------------
Steam Console Client (c) Valve Corporation
-- type 'quit' to exit --
Loading Steam API...OK.
Logging in user '100dollarrandy' to Steam Public ...
Logged in OK
Waiting for user info...OK
Downloading item 1314910827 ...
Success. Downloaded item 1314910827 to "c:\arma3\steam\steamapps\workshop\content\107410\1314910827" (53429 bytes) Redirecting stderr to 'c:\arma3\steam\logs\stderr.txt'
[  0%] Checking for available updates...
[----] Verifying installation...
-----------------------------------
Downloading Mod 450814997 [ CBA ]
-----------------------------------
Steam Console Client (c) Valve Corporation
-- type 'quit' to exit --
Loading Steam API...OK.
Logging in user '100dollarrandy' to Steam Public ...
Logged in OK
Waiting for user info...OK
Downloading item 450814997 ...
Success. Downloaded item 450814997 to "c:\arma3\steam\steamapps\workshop\content\107410\450814997" (2114517 bytes) Redirecting stderr to 'c:\arma3\steam\logs\stderr.txt'
[  0%] Checking for available updates...
[----] Verifying installation...
-----------------------------------
Downloading Mod 583496184 [ CUP Terrains Core ]
-----------------------------------
Steam Console Client (c) Valve Corporation
-- type 'quit' to exit --
Loading Steam API...OK.
Logging in user '100dollarrandy' to Steam Public ...
Logged in OK
Waiting for user info...OK
Downloading item 583496184 ...
Success. Downloaded item 583496184 to "c:\arma3\steam\steamapps\workshop\content\107410\583496184" (9212527164 bytes) Redirecting stderr to 'c:\arma3\steam\logs\stderr.txt'
[  0%] Checking for available updates...
[----] Verifying installation...
-----------------------------------
Downloading Mod 583544987 [ CUP Terrains Maps ]
-----------------------------------
Steam Console Client (c) Valve Corporation
-- type 'quit' to exit --
Loading Steam API...OK.
Logging in user '100dollarrandy' to Steam Public ...
Logged in OK
Waiting for user info...OK
Downloading item 583544987 ...
Success. Downloaded item 583544987 to "c:\arma3\steam\steamapps\workshop\content\107410\583544987" (3419057156 bytes) Redirecting stderr to 'c:\arma3\steam\logs\stderr.txt'
[  0%] Checking for available updates...
[----] Verifying installation...
-----------------------------------
Downloading Mod 333310405 [ Enhanced Movement ]
-----------------------------------
Steam Console Client (c) Valve Corporation
-- type 'quit' to exit --
Loading Steam API...OK.
Logging in user '100dollarrandy' to Steam Public ...
Logged in OK
Waiting for user info...OK
Downloading item 333310405 ...
Success. Downloaded item 333310405 to "c:\arma3\steam\steamapps\workshop\content\107410\333310405" (628454 bytes) Redirecting stderr to 'c:\arma3\steam\logs\stderr.txt'
[  0%] Checking for available updates...
[----] Verifying installation...
-----------------------------------
Downloading Mod 918895867 [ Footstep fix ]
-----------------------------------
Steam Console Client (c) Valve Corporation
-- type 'quit' to exit --
Loading Steam API...OK.
Logging in user '100dollarrandy' to Steam Public ...
Logged in OK
Waiting for user info...OK
Downloading item 918895867 ...
Success. Downloaded item 918895867 to "c:\arma3\steam\steamapps\workshop\content\107410\918895867" (10363 bytes) Redirecting stderr to 'c:\arma3\steam\logs\stderr.txt'
[  0%] Checking for available updates...
[----] Verifying installation...
-----------------------------------
Downloading Mod 914123783 [ Footstep forest fix ]
-----------------------------------
Steam Console Client (c) Valve Corporation
-- type 'quit' to exit --
Loading Steam API...OK.
Logging in user '100dollarrandy' to Steam Public ...
Logged in OK
Waiting for user info...OK
Downloading item 914123783 ...
Success. Downloaded item 914123783 to "c:\arma3\steam\steamapps\workshop\content\107410\914123783" (495599 bytes) Redirecting stderr to 'c:\arma3\steam\logs\stderr.txt'
[  0%] Checking for available updates...
[----] Verifying installation...
-----------------------------------
Downloading Mod 757768585 [ Foxhound ]
-----------------------------------
Steam Console Client (c) Valve Corporation
-- type 'quit' to exit --
Loading Steam API...OK.
Logging in user '100dollarrandy' to Steam Public ...
Logged in OK
Waiting for user info...OK
Downloading item 757768585 ...
Success. Downloaded item 757768585 to "c:\arma3\steam\steamapps\workshop\content\107410\757768585" (73241315 bytes) Redirecting stderr to 'c:\arma3\steam\logs\stderr.txt'
[  0%] Checking for available updates...
[----] Verifying installation...
-----------------------------------
Downloading Mod 1412917989 [ Hebontes ]
-----------------------------------
Steam Console Client (c) Valve Corporation
-- type 'quit' to exit --
Loading Steam API...OK.
Logging in user '100dollarrandy' to Steam Public ...
Logged in OK
Waiting for user info...OK
Downloading item 1412917989 ...
Success. Downloaded item 1412917989 to "c:\arma3\steam\steamapps\workshop\content\107410\1412917989" (786843363 bytes) Redirecting stderr to 'c:\arma3\steam\logs\stderr.txt'
[  0%] Checking for available updates...
[----] Verifying installation...
-----------------------------------
Downloading Mod 873999690 [ ILBE ]
-----------------------------------
Steam Console Client (c) Valve Corporation
-- type 'quit' to exit --
Loading Steam API...OK.
Logging in user '100dollarrandy' to Steam Public ...
Logged in OK
Waiting for user info...OK
Downloading item 873999690 ...
Success. Downloaded item 873999690 to "c:\arma3\steam\steamapps\workshop\content\107410\873999690" (41433892 bytes) Redirecting stderr to 'c:\arma3\steam\logs\stderr.txt'
[  0%] Checking for available updates...
[----] Verifying installation...
-----------------------------------
Downloading Mod 520618345 [ JBAD ]
-----------------------------------
Steam Console Client (c) Valve Corporation
-- type 'quit' to exit --
Loading Steam API...OK.
Logging in user '100dollarrandy' to Steam Public ...
Logged in OK
Waiting for user info...OK
Downloading item 520618345 ...
Success. Downloaded item 520618345 to "c:\arma3\steam\steamapps\workshop\content\107410\520618345" (2003547674 bytes) Redirecting stderr to 'c:\arma3\steam\logs\stderr.txt'
[  0%] Checking for available updates...
[----] Verifying installation...
-----------------------------------
Downloading Mod 962932583 [ MBG Buildings ]
-----------------------------------
Steam Console Client (c) Valve Corporation
-- type 'quit' to exit --
Loading Steam API...OK.
Logging in user '100dollarrandy' to Steam Public ...
Logged in OK
Waiting for user info...OK
Downloading item 962932583 ...
Success. Downloaded item 962932583 to "c:\arma3\steam\steamapps\workshop\content\107410\962932583" (84468827 bytes) Redirecting stderr to 'c:\arma3\steam\logs\stderr.txt'
[  0%] Checking for available updates...
[----] Verifying installation...
-----------------------------------
Downloading Mod 735566597 [ Project OPFOR ]
-----------------------------------
Steam Console Client (c) Valve Corporation
-- type 'quit' to exit --
Loading Steam API...OK.
Logging in user '100dollarrandy' to Steam Public ...
Logged in OK
Waiting for user info...OK
Downloading item 735566597 ...
Success. Downloaded item 735566597 to "c:\arma3\steam\steamapps\workshop\content\107410\735566597" (1556358828 bytes) Redirecting stderr to 'c:\arma3\steam\logs\stderr.txt'
[  0%] Checking for available updates...
[----] Verifying installation...
-----------------------------------
Downloading Mod 843425103 [ RHS AFRF ]
-----------------------------------
Steam Console Client (c) Valve Corporation
-- type 'quit' to exit --
Loading Steam API...OK.
Logging in user '100dollarrandy' to Steam Public ...
Logged in OK
Waiting for user info...OK
Downloading item 843425103 ...
Success. Downloaded item 843425103 to "c:\arma3\steam\steamapps\workshop\content\107410\843425103" (5485540608 bytes) Redirecting stderr to 'c:\arma3\steam\logs\stderr.txt'
[  0%] Checking for available updates...
[----] Verifying installation...
-----------------------------------
Downloading Mod 843593391 [ RHS GREF ]
-----------------------------------
Steam Console Client (c) Valve Corporation
-- type 'quit' to exit --
Loading Steam API...OK.
Logging in user '100dollarrandy' to Steam Public ...
Logged in OK
Waiting for user info...OK
Downloading item 843593391 ...
Success. Downloaded item 843593391 to "c:\arma3\steam\steamapps\workshop\content\107410\843593391" (2001797837 bytes) Redirecting stderr to 'c:\arma3\steam\logs\stderr.txt'
[  0%] Checking for available updates...
[----] Verifying installation...
-----------------------------------
Downloading Mod 843632231 [ RHS SAF ]
-----------------------------------
Steam Console Client (c) Valve Corporation
-- type 'quit' to exit --
Loading Steam API...OK.
Logging in user '100dollarrandy' to Steam Public ...
Logged in OK
Waiting for user info...OK
Downloading item 843632231 ...
Success. Downloaded item 843632231 to "c:\arma3\steam\steamapps\workshop\content\107410\843632231" (742057161 bytes) Redirecting stderr to 'c:\arma3\steam\logs\stderr.txt'
[  0%] Checking for available updates...
[----] Verifying installation...
-----------------------------------
Downloading Mod 843577117 [ RHS USAF ]
-----------------------------------
Steam Console Client (c) Valve Corporation
-- type 'quit' to exit --
Loading Steam API...OK.
Logging in user '100dollarrandy' to Steam Public ...
Logged in OK
Waiting for user info...OK
Downloading item 843577117 ...
Success. Downloaded item 843577117 to "c:\arma3\steam\steamapps\workshop\content\107410\843577117" (5584387126 bytes) Redirecting stderr to 'c:\arma3\steam\logs\stderr.txt'
[  0%] Checking for available updates...
[----] Verifying installation...
-----------------------------------
Downloading Mod 498740884 [ Shacktac UI ]
-----------------------------------
Steam Console Client (c) Valve Corporation
-- type 'quit' to exit --
Loading Steam API...OK.
Logging in user '100dollarrandy' to Steam Public ...
Logged in OK
Waiting for user info...OK
Downloading item 498740884 ...
Success. Downloaded item 498740884 to "c:\arma3\steam\steamapps\workshop\content\107410\498740884" (161969 bytes) Redirecting stderr to 'c:\arma3\steam\logs\stderr.txt'
[  0%] Checking for available updates...
[----] Verifying installation...
-----------------------------------
Downloading Mod 1112431110 [ SMA RHS Compat ]
-----------------------------------
Steam Console Client (c) Valve Corporation
-- type 'quit' to exit --
Loading Steam API...OK.
Logging in user '100dollarrandy' to Steam Public ...
Logged in OK
Waiting for user info...OK
Downloading item 1112431110 ...
Success. Downloaded item 1112431110 to "c:\arma3\steam\steamapps\workshop\content\107410\1112431110" (39844 bytes) Redirecting stderr to 'c:\arma3\steam\logs\stderr.txt'
[  0%] Checking for available updates...
[----] Verifying installation...
-----------------------------------
Downloading Mod 699630614 [ SMA ]
-----------------------------------
Steam Console Client (c) Valve Corporation
-- type 'quit' to exit --
Loading Steam API...OK.
Logging in user '100dollarrandy' to Steam Public ...
Logged in OK
Waiting for user info...OK
Downloading item 699630614 ...
Success. Downloaded item 699630614 to "c:\arma3\steam\steamapps\workshop\content\107410\699630614" (1203593176 bytes) Redirecting stderr to 'c:\arma3\steam\logs\stderr.txt'
[  0%] Checking for available updates...
[----] Verifying installation...
-----------------------------------
Downloading Mod 579263829 [ Spyder Addons ]
-----------------------------------
Steam Console Client (c) Valve Corporation
-- type 'quit' to exit --
Loading Steam API...OK.
Logging in user '100dollarrandy' to Steam Public ...
Logged in OK
Waiting for user info...OK
Downloading item 579263829 ...
Success. Downloaded item 579263829 to "c:\arma3\steam\steamapps\workshop\content\107410\579263829" (5485029 bytes) Redirecting stderr to 'c:\arma3\steam\logs\stderr.txt'
[  0%] Checking for available updates...
[----] Verifying installation...
-----------------------------------
Downloading Mod 620019431 [ Task Force Radio ]
-----------------------------------
Steam Console Client (c) Valve Corporation
-- type 'quit' to exit --
Loading Steam API...OK.
Logging in user '100dollarrandy' to Steam Public ...
Logged in OK
Waiting for user info...OK
Downloading item 620019431 ...
Success. Downloaded item 620019431 to "c:\arma3\steam\steamapps\workshop\content\107410\620019431" (166388040 bytes) Redirecting stderr to 'c:\arma3\steam\logs\stderr.txt'
[  0%] Checking for available updates...
[----] Verifying installation...
-----------------------------------
Downloading Mod 501589008 [ Thirsk ]
-----------------------------------
Steam Console Client (c) Valve Corporation
-- type 'quit' to exit --
Loading Steam API...OK.
Logging in user '100dollarrandy' to Steam Public ...
Logged in OK
Waiting for user info...OK
Downloading item 501589008 ...
Success. Downloaded item 501589008 to "c:\arma3\steam\steamapps\workshop\content\107410\501589008" (315369813 bytes) Redirecting stderr to 'c:\arma3\steam\logs\stderr.txt'
[  0%] Checking for available updates...
[----] Verifying installation...
-----------------------------------
Downloading Mod 823636749 [ VCOM ]
-----------------------------------
Steam Console Client (c) Valve Corporation
-- type 'quit' to exit --
Loading Steam API...OK.
Logging in user '100dollarrandy' to Steam Public ...
Logged in OK
Waiting for user info...OK
Downloading item 823636749 ...
Success. Downloaded item 823636749 to "c:\arma3\steam\steamapps\workshop\content\107410\823636749" (1518414606 bytes) Redirecting stderr to 'c:\arma3\steam\logs\stderr.txt'
[  0%] Checking for available updates...
[----] Verifying installation...
-----------------------------------
Downloading Mod 823636749 [ VSM All-in-One ]
-----------------------------------
Steam Console Client (c) Valve Corporation
-- type 'quit' to exit --
Loading Steam API...OK.
Logging in user '100dollarrandy' to Steam Public ...
Logged in OK
Waiting for user info...OK
Downloading item 823636749 ...
Success. Downloaded item 823636749 to "c:\arma3\steam\steamapps\workshop\content\107410\823636749" (1518414606 bytes) Redirecting stderr to 'c:\arma3\steam\logs\stderr.txt'
[  0%] Checking for available updates...
[----] Verifying installation...
-----------------------------------
Downloading Mod 510031102 [ Werthles ]
-----------------------------------
Steam Console Client (c) Valve Corporation
-- type 'quit' to exit --
Loading Steam API...OK.
Logging in user '100dollarrandy' to Steam Public ...
Logged in OK
Waiting for user info...OK
Downloading item 510031102 ...
Success. Downloaded item 510031102 to "c:\arma3\steam\steamapps\workshop\content\107410\510031102" (246772 bytes) Redirecting stderr to 'c:\arma3\steam\logs\stderr.txt'
[  0%] Checking for available updates...
[----] Verifying installation...
-----------------------------------
Downloading Whitelist Mod 767380317 [ Blastcore Edited ]
-----------------------------------
Steam Console Client (c) Valve Corporation
-- type 'quit' to exit --
Loading Steam API...OK.
Logging in user '100dollarrandy' to Steam Public ...
Logged in OK
Waiting for user info...OK
Downloading item 767380317 ...
Success. Downloaded item 767380317 to "c:\arma3\steam\steamapps\workshop\content\107410\767380317" (93296116 bytes) Redirecting stderr to 'c:\arma3\steam\logs\stderr.txt'
[  0%] Checking for available updates...
[----] Verifying installation...
-----------------------------------
Downloading Whitelist Mod 853303947 [ Blastcore Vanilla Smoke ]
-----------------------------------
Steam Console Client (c) Valve Corporation
-- type 'quit' to exit --
Loading Steam API...OK.
Logging in user '100dollarrandy' to Steam Public ...
Logged in OK
Waiting for user info...OK
Downloading item 853303947 ...
Success. Downloaded item 853303947 to "c:\arma3\steam\steamapps\workshop\content\107410\853303947" (4123 bytes) Redirecting stderr to 'c:\arma3\steam\logs\stderr.txt'
[  0%] Checking for available updates...
[----] Verifying installation...
-----------------------------------
Downloading Whitelist Mod 1638341685 [ DUI - Squad Radar ]
-----------------------------------
Steam Console Client (c) Valve Corporation
-- type 'quit' to exit --
Loading Steam API...OK.
Logging in user '100dollarrandy' to Steam Public ...
Logged in OK
Waiting for user info...OK
Downloading item 1638341685 ...
Success. Downloaded item 1638341685 to "c:\arma3\steam\steamapps\workshop\content\107410\1638341685" (1249672 bytes) Redirecting stderr to 'c:\arma3\steam\logs\stderr.txt'
[  0%] Checking for available updates...
[----] Verifying installation...
-----------------------------------
Downloading Whitelist Mod 825179978 [ Enhanced Soundscape ]
-----------------------------------
Steam Console Client (c) Valve Corporation
-- type 'quit' to exit --
Loading Steam API...OK.
Logging in user '100dollarrandy' to Steam Public ...
Logged in OK
Waiting for user info...OK
Downloading item 825179978 ...
Success. Downloaded item 825179978 to "c:\arma3\steam\steamapps\workshop\content\107410\825179978" (107575253 bytes) Redirecting stderr to 'c:\arma3\steam\logs\stderr.txt'
[  0%] Checking for available updates...
[----] Verifying installation...
-----------------------------------
Downloading Whitelist Mod 877530153 [ HMD RHS ]
-----------------------------------
Steam Console Client (c) Valve Corporation
-- type 'quit' to exit --
Loading Steam API...OK.
Logging in user '100dollarrandy' to Steam Public ...
Logged in OK
Waiting for user info...OK
Downloading item 877530153 ...
Success. Downloaded item 877530153 to "c:\arma3\steam\steamapps\workshop\content\107410\877530153" (897787 bytes) Redirecting stderr to 'c:\arma3\steam\logs\stderr.txt'
[  0%] Checking for available updates...
[----] Verifying installation...
-----------------------------------
Downloading Whitelist Mod 312724602 [ HMD ]
-----------------------------------
Steam Console Client (c) Valve Corporation
-- type 'quit' to exit --
Loading Steam API...OK.
Logging in user '100dollarrandy' to Steam Public ...
Logged in OK
Waiting for user info...OK
Downloading item 312724602 ...
Success. Downloaded item 312724602 to "c:\arma3\steam\steamapps\workshop\content\107410\312724602" (2109546 bytes) Redirecting stderr to 'c:\arma3\steam\logs\stderr.txt'
[  0%] Checking for available updates...
[----] Verifying installation...
-----------------------------------
Downloading Whitelist Mod 870212593 [ JSRS - RHS - Vehicles Sound Patch ]
-----------------------------------
Steam Console Client (c) Valve Corporation
-- type 'quit' to exit --
Loading Steam API...OK.
Logging in user '100dollarrandy' to Steam Public ...
Logged in OK
Waiting for user info...OK
Downloading item 870212593 ...
Success. Downloaded item 870212593 to "c:\arma3\steam\steamapps\workshop\content\107410\870212593" (446010115 bytes) Redirecting stderr to 'c:\arma3\steam\logs\stderr.txt'
[  0%] Checking for available updates...
[----] Verifying installation...
-----------------------------------
Downloading Whitelist Mod 1181421524 [ JSRS SOUNDMOD - Dependency Fixes ]
-----------------------------------
Steam Console Client (c) Valve Corporation
-- type 'quit' to exit --
Loading Steam API...OK.
Logging in user '100dollarrandy' to Steam Public ...
Logged in OK
Waiting for user info...OK
Downloading item 1181421524 ...
Success. Downloaded item 1181421524 to "c:\arma3\steam\steamapps\workshop\content\107410\1181421524" (283966 bytes) Redirecting stderr to 'c:\arma3\steam\logs\stderr.txt'
[  0%] Checking for available updates...
[----] Verifying installation...
-----------------------------------
Downloading Whitelist Mod 1429098683 [ JSRS SOUNDMOD - Reloading Sounds  ]
-----------------------------------
Steam Console Client (c) Valve Corporation
-- type 'quit' to exit --
Loading Steam API...OK.
Logging in user '100dollarrandy' to Steam Public ...
Logged in OK
Waiting for user info...OK
Downloading item 1429098683 ...
Success. Downloaded item 1429098683 to "c:\arma3\steam\steamapps\workshop\content\107410\1429098683" (66827 bytes) Redirecting stderr to 'c:\arma3\steam\logs\stderr.txt'
[  0%] Checking for available updates...
[----] Verifying installation...
-----------------------------------
Downloading Whitelist Mod 1180534892 [ JSRS SOUNDMOD - RHS GREF Mod Pack Sound Support ]
-----------------------------------
Steam Console Client (c) Valve Corporation
-- type 'quit' to exit --
Loading Steam API...OK.
Logging in user '100dollarrandy' to Steam Public ...
Logged in OK
Waiting for user info...OK
Downloading item 1180534892 ...
Success. Downloaded item 1180534892 to "c:\arma3\steam\steamapps\workshop\content\107410\1180534892" (40491 bytes) Redirecting stderr to 'c:\arma3\steam\logs\stderr.txt'
[  0%] Checking for available updates...
[----] Verifying installation...
-----------------------------------
Downloading Whitelist Mod 1486541773 [ JSRS SOUNDMOD - RHS SAF Mod Pack Support ]
-----------------------------------
Steam Console Client (c) Valve Corporation
-- type 'quit' to exit --
Loading Steam API...OK.
Logging in user '100dollarrandy' to Steam Public ...
Logged in OK
Waiting for user info...OK
Downloading item 1486541773 ...
Success. Downloaded item 1486541773 to "c:\arma3\steam\steamapps\workshop\content\107410\1486541773" (42861 bytes) Redirecting stderr to 'c:\arma3\steam\logs\stderr.txt'
[  0%] Checking for available updates...
[----] Verifying installation...
-----------------------------------
Downloading Whitelist Mod 1196700252 [ JSRS SOUNDMOD - Specialist Military Arms Mod Sound Support ]
-----------------------------------
Steam Console Client (c) Valve Corporation
-- type 'quit' to exit --
Loading Steam API...OK.
Logging in user '100dollarrandy' to Steam Public ...
Logged in OK
Waiting for user info...OK
Downloading item 1196700252 ...
Success. Downloaded item 1196700252 to "c:\arma3\steam\steamapps\workshop\content\107410\1196700252" (50424 bytes) Redirecting stderr to 'c:\arma3\steam\logs\stderr.txt'
[  0%] Checking for available updates...
[----] Verifying installation...
-----------------------------------
Downloading Whitelist Mod 1180533757 [ JSRS Soundmod ]
-----------------------------------
Steam Console Client (c) Valve Corporation
-- type 'quit' to exit --
Loading Steam API...OK.
Logging in user '100dollarrandy' to Steam Public ...
Logged in OK
Waiting for user info...OK
Downloading item 1180533757 ...
Success. Downloaded item 1180533757 to "c:\arma3\steam\steamapps\workshop\content\107410\1180533757" (247846 bytes) Redirecting stderr to 'c:\arma3\steam\logs\stderr.txt'
[  0%] Checking for available updates...
[----] Verifying installation...
-----------------------------------
